<?xml version="1.0" encoding="UTF-8"?>
<!-- Generated by org.testng.reporters.JUnitXMLReporter -->
<testsuite ignored="1" hostname="Admin-PC" failures="0" tests="2" name="abc" time="7.619" errors="0" timestamp="2021-11-20T23:31:52 IST">
  <testcase classname="seleniumclass.testNG.JobWebSites" name="jobWebSiteOne" time="0.006"/>
  <testcase classname="seleniumclass.testNG.AestNGBasics" name="f" time="0.002"/>
  <testcase classname="seleniumclass.testNG.JobWebSites" name="jobWebSiteTwo" time="0.0">
    <ignored/>
  </testcase> <!-- jobWebSiteTwo -->
</testsuite> <!-- abc -->
