<?xml version="1.0" encoding="UTF-8"?>
<testng-results ignored="1" total="3" passed="2" failed="0" skipped="0">
  <reporter-output>
  </reporter-output>
  <suite started-at="2021-11-20T23:31:44 IST" name="project name" finished-at="2021-11-20T23:31:52 IST" duration-ms="7619">
    <groups>
    </groups>
    <test started-at="2021-11-20T23:31:44 IST" name="abc" finished-at="2021-11-20T23:31:52 IST" duration-ms="7619">
      <class name="seleniumclass.testNG.JobWebSites">
        <test-method is-config="true" signature="aeforeSuite()[pri:0, instance:seleniumclass.testNG.JobWebSites@117159c0]" started-at="2021-11-20T23:31:44 IST" name="aeforeSuite" finished-at="2021-11-20T23:31:44 IST" duration-ms="0" status="PASS">
          <reporter-output>
          </reporter-output>
        </test-method> <!-- aeforeSuite -->
        <test-method is-config="true" signature="beforeTest()[pri:0, instance:seleniumclass.testNG.JobWebSites@117159c0]" started-at="2021-11-20T23:31:44 IST" name="beforeTest" finished-at="2021-11-20T23:31:44 IST" duration-ms="1" status="PASS">
          <reporter-output>
          </reporter-output>
        </test-method> <!-- beforeTest -->
        <test-method is-config="true" signature="beforeClass()[pri:0, instance:seleniumclass.testNG.JobWebSites@117159c0]" started-at="2021-11-20T23:31:44 IST" name="beforeClass" finished-at="2021-11-20T23:31:44 IST" duration-ms="0" status="PASS">
          <reporter-output>
          </reporter-output>
        </test-method> <!-- beforeClass -->
        <test-method is-config="true" signature="openWebBrowser()[pri:0, instance:seleniumclass.testNG.JobWebSites@117159c0]" started-at="2021-11-20T23:31:44 IST" name="openWebBrowser" finished-at="2021-11-20T23:31:47 IST" duration-ms="3390" status="PASS">
          <reporter-output>
          </reporter-output>
        </test-method> <!-- openWebBrowser -->
        <test-method signature="jobWebSiteOne()[pri:0, instance:seleniumclass.testNG.JobWebSites@117159c0]" started-at="2021-11-20T23:31:47 IST" name="jobWebSiteOne" finished-at="2021-11-20T23:31:47 IST" duration-ms="6" status="PASS">
          <reporter-output>
          </reporter-output>
        </test-method> <!-- jobWebSiteOne -->
        <test-method is-config="true" signature="closeWebBrowser()[pri:0, instance:seleniumclass.testNG.JobWebSites@117159c0]" started-at="2021-11-20T23:31:47 IST" name="closeWebBrowser" finished-at="2021-11-20T23:31:52 IST" duration-ms="4154" status="PASS">
          <reporter-output>
          </reporter-output>
        </test-method> <!-- closeWebBrowser -->
        <test-method is-config="true" signature="afterClass()[pri:0, instance:seleniumclass.testNG.JobWebSites@117159c0]" started-at="2021-11-20T23:31:52 IST" name="afterClass" finished-at="2021-11-20T23:31:52 IST" duration-ms="0" status="PASS">
          <reporter-output>
          </reporter-output>
        </test-method> <!-- afterClass -->
        <test-method is-config="true" signature="afterTest()[pri:0, instance:seleniumclass.testNG.JobWebSites@117159c0]" started-at="2021-11-20T23:31:52 IST" name="afterTest" finished-at="2021-11-20T23:31:52 IST" duration-ms="0" status="PASS">
          <reporter-output>
          </reporter-output>
        </test-method> <!-- afterTest -->
        <test-method is-config="true" signature="afterSuite()[pri:0, instance:seleniumclass.testNG.JobWebSites@117159c0]" started-at="2021-11-20T23:31:52 IST" name="afterSuite" finished-at="2021-11-20T23:31:52 IST" duration-ms="0" status="PASS">
          <reporter-output>
          </reporter-output>
        </test-method> <!-- afterSuite -->
      </class> <!-- seleniumclass.testNG.JobWebSites -->
      <class name="seleniumclass.testNG.AestNGBasics">
        <test-method is-config="true" signature="beforeSuite()[pri:0, instance:seleniumclass.testNG.AestNGBasics@75d3a5e0]" started-at="2021-11-20T23:31:44 IST" name="beforeSuite" finished-at="2021-11-20T23:31:44 IST" duration-ms="10" status="PASS">
          <reporter-output>
          </reporter-output>
        </test-method> <!-- beforeSuite -->
        <test-method is-config="true" signature="beforeTest()[pri:0, instance:seleniumclass.testNG.AestNGBasics@75d3a5e0]" started-at="2021-11-20T23:31:44 IST" name="beforeTest" finished-at="2021-11-20T23:31:44 IST" duration-ms="1" status="PASS">
          <reporter-output>
          </reporter-output>
        </test-method> <!-- beforeTest -->
        <test-method is-config="true" signature="beforeClass()[pri:0, instance:seleniumclass.testNG.AestNGBasics@75d3a5e0]" started-at="2021-11-20T23:31:52 IST" name="beforeClass" finished-at="2021-11-20T23:31:52 IST" duration-ms="0" status="PASS">
          <reporter-output>
          </reporter-output>
        </test-method> <!-- beforeClass -->
        <test-method signature="f()[pri:0, instance:seleniumclass.testNG.AestNGBasics@75d3a5e0]" started-at="2021-11-20T23:31:52 IST" name="f" finished-at="2021-11-20T23:31:52 IST" duration-ms="2" status="PASS">
          <reporter-output>
          </reporter-output>
        </test-method> <!-- f -->
        <test-method is-config="true" signature="beforeMethod()[pri:0, instance:seleniumclass.testNG.AestNGBasics@75d3a5e0]" started-at="2021-11-20T23:31:52 IST" name="beforeMethod" finished-at="2021-11-20T23:31:52 IST" duration-ms="0" status="PASS">
          <reporter-output>
          </reporter-output>
        </test-method> <!-- beforeMethod -->
        <test-method is-config="true" signature="afterMethod()[pri:0, instance:seleniumclass.testNG.AestNGBasics@75d3a5e0]" started-at="2021-11-20T23:31:52 IST" name="afterMethod" finished-at="2021-11-20T23:31:52 IST" duration-ms="1" status="PASS">
          <reporter-output>
          </reporter-output>
        </test-method> <!-- afterMethod -->
        <test-method is-config="true" signature="afterTest()[pri:0, instance:seleniumclass.testNG.AestNGBasics@75d3a5e0]" started-at="2021-11-20T23:31:52 IST" name="afterTest" finished-at="2021-11-20T23:31:52 IST" duration-ms="1" status="PASS">
          <reporter-output>
          </reporter-output>
        </test-method> <!-- afterTest -->
        <test-method is-config="true" signature="afterClass()[pri:0, instance:seleniumclass.testNG.AestNGBasics@75d3a5e0]" started-at="2021-11-20T23:31:52 IST" name="afterClass" finished-at="2021-11-20T23:31:52 IST" duration-ms="0" status="PASS">
          <reporter-output>
          </reporter-output>
        </test-method> <!-- afterClass -->
        <test-method is-config="true" signature="afterSuite()[pri:0, instance:seleniumclass.testNG.AestNGBasics@75d3a5e0]" started-at="2021-11-20T23:31:52 IST" name="afterSuite" finished-at="2021-11-20T23:31:52 IST" duration-ms="1" status="PASS">
          <reporter-output>
          </reporter-output>
        </test-method> <!-- afterSuite -->
      </class> <!-- seleniumclass.testNG.AestNGBasics -->
    </test> <!-- abc -->
  </suite> <!-- project name -->
</testng-results>
